<?xml version="1.0" encoding="UTF-8"?>
<!-- Generated by org.testng.reporters.JUnitXMLReporter -->
<testsuite hostname="LAPTOP-2FD2RQ3C" ignored="0" name="EthnicStore Testcases - IE" tests="3" failures="0" timestamp="10 Oct 2018 05:23:57 GMT" time="23.92" errors="0">
  <testcase name="titleTest" time="0.026" classname="com.ethnicstore.tests.ES_HomePageTests"/>
  <testcase name="homePageLogoTest" time="0.245" classname="com.ethnicstore.tests.ES_HomePageTests"/>
  <testcase name="createAccountLinkTest" time="0.465" classname="com.ethnicstore.tests.ES_HomePageTests"/>
</testsuite> <!-- EthnicStore Testcases - IE -->
