<?xml version="1.0" encoding="UTF-8"?>
<!-- Generated by org.testng.reporters.JUnitXMLReporter -->
<testsuite hostname="LAPTOP-2FD2RQ3C" ignored="0" name="EthnicStore Testcases - FF" tests="14" failures="0" timestamp="10 Oct 2018 18:57:28 GMT" time="500.369" errors="0">
  <testcase name="titleTest" time="0.021" classname="com.ethnicstore.tests.ES_HomePageTests"/>
  <testcase name="homePageLogoTest" time="0.096" classname="com.ethnicstore.tests.ES_HomePageTests"/>
  <testcase name="createAccountLinkTest" time="0.96" classname="com.ethnicstore.tests.ES_HomePageTests"/>
  <testcase name="validateCreateAccountTest" time="4.014" classname="com.ethnicstore.tests.ES_CreateAccountPageTests"/>
  <testcase name="validateCreateAccountTest" time="3.736" classname="com.ethnicstore.tests.ES_CreateAccountPageTests"/>
  <testcase name="validateCreateAccountTest" time="6.018" classname="com.ethnicstore.tests.ES_CreateAccountPageTests"/>
  <testcase name="validateLoginpageTitleTest" time="0.032" classname="com.ethnicstore.tests.ES_LoginPageTests"/>
  <testcase name="validateLoginTest" time="4.361" classname="com.ethnicstore.tests.ES_LoginPageTests"/>
  <testcase name="validateLoginTest" time="14.562" classname="com.ethnicstore.tests.ES_LoginPageTests"/>
  <testcase name="validateAddingItemtoCartTest" time="8.454" classname="com.ethnicstore.tests.ES_UserProfilePageTests"/>
  <testcase name="validateLogoffTest" time="0.749" classname="com.ethnicstore.tests.ES_UserProfilePageTests"/>
  <testcase name="validatePlaceorderTest" time="9.567" classname="com.ethnicstore.tests.ES_UserProfilePageTests"/>
  <testcase name="validateRemovecartTest" time="18.027" classname="com.ethnicstore.tests.ES_UserProfilePageTests"/>
  <testcase name="validateUpdateitemcartTest" time="9.849" classname="com.ethnicstore.tests.ES_UserProfilePageTests"/>
</testsuite> <!-- EthnicStore Testcases - FF -->
