<?xml version="1.0" encoding="UTF-8"?>
<!-- Generated by org.testng.reporters.JUnitXMLReporter -->
<testsuite hostname="LAPTOP-2FD2RQ3C" ignored="0" name="EthnicStore Testcases - Chrome" tests="9" failures="0" timestamp="10 Oct 2018 05:20:37 GMT" time="162.355" errors="0">
  <testcase name="titleTest" time="0.02" classname="com.ethnicstore.tests.ES_HomePageTests"/>
  <testcase name="homePageLogoTest" time="0.044" classname="com.ethnicstore.tests.ES_HomePageTests"/>
  <testcase name="createAccountLinkTest" time="0.94" classname="com.ethnicstore.tests.ES_HomePageTests"/>
  <testcase name="validateCreateAccountTest" time="4.314" classname="com.ethnicstore.tests.ES_CreateAccountPageTests"/>
  <testcase name="validateCreateAccountTest" time="4.251" classname="com.ethnicstore.tests.ES_CreateAccountPageTests"/>
  <testcase name="validateCreateAccountTest" time="6.237" classname="com.ethnicstore.tests.ES_CreateAccountPageTests"/>
  <testcase name="validateLoginpageTitleTest" time="0.04" classname="com.ethnicstore.tests.ES_LoginPageTests"/>
  <testcase name="validateLoginTest" time="4.333" classname="com.ethnicstore.tests.ES_LoginPageTests"/>
  <testcase name="validateLoginTest" time="14.995" classname="com.ethnicstore.tests.ES_LoginPageTests"/>
</testsuite> <!-- EthnicStore Testcases - Chrome -->
